DEBUG:root: 1485192414251000 
DEBUG:root: 1485192414266000 
DEBUG:root: 1485192414266000 
DEBUG:root: 1485192414266000 
DEBUG:root: 1485192414282000 
DEBUG:root: 1509035834187000 
DEBUG:root: 1509035838962000 
DEBUG:root: 1509035963333000 
DEBUG:root: 1509035963335000 
DEBUG:root: 1509035963336000 
DEBUG:root: 1509035963338000 
DEBUG:root: 1509035963341000 
DEBUG:root: 1509035963342000 
DEBUG:root: 1509035979450000 
DEBUG:root: 1509035979450000 
DEBUG:root: 1509035979450000 
DEBUG:root: 1509035979450000 
DEBUG:root: 1509035979450000 
DEBUG:root: 1509035979450000 
DEBUG:root: 1509035979450000 
DEBUG:root: 1509035979450000 
DEBUG:root: 1509035979450000 
DEBUG:root: 1509035979450000 
DEBUG:root: 1509035979450000 
DEBUG:root: 1509035979450000 
DEBUG:root: 1509035979450000 
DEBUG:root: 1509035979450000 
DEBUG:root: 1509035979450000 
DEBUG:root: 1509035979450000 
DEBUG:root: 1509035979450000 
DEBUG:root: 1509035979450000 
DEBUG:root: 1509035979450000 
DEBUG:root: 1509035979450000 
DEBUG:root: 1509035979450000 
DEBUG:root: 1509035979450000 
DEBUG:root: 1509035979450000 
DEBUG:root: 1509035979450000 
DEBUG:root: 1509035979450000 
DEBUG:root: 1509035979450000 
DEBUG:root: 1509035979450000 
DEBUG:root: 1509035979450000 
DEBUG:root: 1509035979450000 
DEBUG:root: 1509035979450000 
DEBUG:root: 1509035979450000 
DEBUG:root: 1509035979450000 
DEBUG:root: 1509035979450000 
DEBUG:root: 1509035979450000 
DEBUG:root: 1509035979450000 
DEBUG:root: 1509035979450000 
DEBUG:root: 1509035979450000 
DEBUG:root: 1509035979450000 
DEBUG:root: 1509035979450000 
DEBUG:root: 1509035979450000 
DEBUG:root: 1509035979450000 
DEBUG:root: 1509035979450000 
DEBUG:root: 1509035979450000 
DEBUG:root: 1509035979450000 
DEBUG:root: 1509035979450000 
DEBUG:root: 1509035979450000 
DEBUG:root: 1509035979450000 
DEBUG:root: 1509035979450000 
DEBUG:root: 1509035979450000 
DEBUG:root: 1509035979450000 
DEBUG:root: 1509035979450000 
DEBUG:root: 1509035979450000 
DEBUG:root: 1509035979450000 
DEBUG:root: 1509035979450000 
DEBUG:root: 1509035979450000 
DEBUG:root: 1509035979450000 
DEBUG:root: 1509035979450000 
DEBUG:root: 1509035979450000 
DEBUG:root: 1509035979450000 
DEBUG:root: 1509035979450000 
DEBUG:root: 1509035979450000 
DEBUG:root: 1509035979450000 
DEBUG:root: 1509035979450000 
DEBUG:root: 1509035979450000 
DEBUG:root: 1509035979450000 
DEBUG:root: 1509035979450000 
DEBUG:root: 1509035979450000 
DEBUG:root: 1509035979450000 
DEBUG:root: 1509035979450000 
DEBUG:root: 1509035979450000 
DEBUG:root: 1509035979450000 
DEBUG:root: 1509035979450000 
DEBUG:root: 1509035979450000 
DEBUG:root: 1509035979450000 
DEBUG:root: 1509035979450000 
DEBUG:root: 1509035979450000 
DEBUG:root: 1509035979450000 
DEBUG:root: 1509035979450000 
DEBUG:root: 1509035979450000 
DEBUG:root: 1509035979450000 
DEBUG:root: 1509035979450000 
DEBUG:root: 1509035979450000 
DEBUG:root: 1509035979450000 
DEBUG:root: 1509035979450000 
DEBUG:root: 1509035979450000 
DEBUG:root: 1509035979450000 
DEBUG:root: 1509035979450000 
DEBUG:root: 1509035979450000 
DEBUG:root: 1509035979450000 
DEBUG:root: 1509035979450000 
DEBUG:root: 1509035979450000 
DEBUG:root: 1509035979450000 
DEBUG:root: 1509035979450000 
DEBUG:root: 1509035979450000 
DEBUG:root: 1509035979450000 
DEBUG:root: 1509035979450000 
DEBUG:root: 1509035979450000 
DEBUG:root: 1509035979450000 
DEBUG:root: 1509035979450000 
DEBUG:root: 1509035979450000 
DEBUG:root: 1509035979450000 
DEBUG:root: 1509035979450000 
DEBUG:root: 1509035979450000 
DEBUG:root: 1509035979450000 
DEBUG:root: 1509035979450000 
DEBUG:root: 1509035979450000 
DEBUG:root: 1509035979450000 
DEBUG:root: 1509035979973000 
DEBUG:root: 1509035979973000 
DEBUG:root: 1509035979973000 
DEBUG:root: 1509035979973000 
DEBUG:root: 1509035979973000 
DEBUG:root: 1509035979973000 
DEBUG:root: 1509035979973000 
DEBUG:root: 1509035979973000 
DEBUG:root: 1509035979973000 
DEBUG:root: 1509035979973000 
DEBUG:root: 1509035979973000 
DEBUG:root: 1509035979973000 
DEBUG:root: 1509035979973000 
DEBUG:root: 1509035979973000 
DEBUG:root: 1509035979973000 
DEBUG:root: 1509035979973000 
DEBUG:root: 1509035979973000 
DEBUG:root: 1509035979973000 
DEBUG:root: 1509035979973000 
DEBUG:root: 1509035979973000 
DEBUG:root: 1509035979973000 
DEBUG:root: 1509035979973000 
DEBUG:root: 1509035979973000 
DEBUG:root: 1509035979973000 
DEBUG:root: 1509035979973000 
DEBUG:root: 1509035979973000 
DEBUG:root: 1509035979973000 
DEBUG:root: 1509035979973000 
DEBUG:root: 1509035979973000 
DEBUG:root: 1509035979973000 
DEBUG:root: 1509035979973000 
DEBUG:root: 1509035979973000 
DEBUG:root: 1509035979973000 
DEBUG:root: 1509035979973000 
DEBUG:root: 1509035979973000 
DEBUG:root: 1509035979973000 
DEBUG:root: 1509035979973000 
DEBUG:root: 1509035979973000 
DEBUG:root: 1509035979973000 
DEBUG:root: 1509035979973000 
DEBUG:root: 1509035979973000 
DEBUG:root: 1509035979973000 
DEBUG:root: 1509035979973000 
DEBUG:root: 1509035979973000 
DEBUG:root: 1509035979973000 
